<?xml version="1.0" encoding="UTF-8"?>
<!-- Generated by org.testng.reporters.JUnitReportReporter -->
<testsuite hostname="USBLRPKATARIAS1" name="com.Orange.HRMS.MainFunctions.Delta" tests="1" failures="0" timestamp="17 Sep 2016 06:37:24 GMT" time="90.791" errors="0">
  <testcase name="MultipleLoginActitime" time="90.791" classname="com.Orange.HRMS.MainFunctions.Delta"/>
</testsuite> <!-- com.Orange.HRMS.MainFunctions.Delta -->
